\BOOKMARK [0][-]{Doc-Start}{Todo\040list}{}% 1
\BOOKMARK [-1][-]{section*.2}{Preface}{}% 2
\BOOKMARK [0][-]{chapter*.4}{TL;DR}{section*.2}% 3
\BOOKMARK [0][-]{chapter*.6}{Publications}{section*.2}% 4
\BOOKMARK [0][-]{section*.8}{Contents}{section*.2}% 5
\BOOKMARK [0][-]{section*.10}{Figures}{section*.2}% 6
\BOOKMARK [0][-]{section*.12}{Tables}{section*.2}% 7
\BOOKMARK [0][-]{section*.14}{Code}{section*.2}% 8
\BOOKMARK [0][-]{section*.15}{Acronyms}{section*.2}% 9
\BOOKMARK [-1][-]{section*.17}{Introduction}{}% 10
\BOOKMARK [-1][-]{section*.18}{Context}{}% 11
\BOOKMARK [0][-]{chapter.1}{Pataphysics}{section*.18}% 12
\BOOKMARK [1][-]{section.1.1}{Conscious}{chapter.1}% 13
\BOOKMARK [2][-]{subsection.1.1.1}{Life}{section.1.1}% 14
\BOOKMARK [2][-]{subsection.1.1.2}{Literature}{section.1.1}% 15
\BOOKMARK [1][-]{section.1.2}{Self-conscious}{chapter.1}% 16
\BOOKMARK [2][-]{subsection.1.2.1}{Symbology}{section.1.2}% 17
\BOOKMARK [2][-]{subsection.1.2.2}{Antimony}{section.1.2}% 18
\BOOKMARK [2][-]{subsection.1.2.3}{Anomaly}{section.1.2}% 19
\BOOKMARK [2][-]{subsection.1.2.4}{Syzygy}{section.1.2}% 20
\BOOKMARK [2][-]{subsection.1.2.5}{Clinamen}{section.1.2}% 21
\BOOKMARK [2][-]{subsection.1.2.6}{Absolute}{section.1.2}% 22
\BOOKMARK [1][-]{section.1.3}{Unconscious}{chapter.1}% 23
\BOOKMARK [2][-]{subsection.1.3.1}{Oulipo}{section.1.3}% 24
\BOOKMARK [2][-]{subsection.1.3.2}{Borges}{section.1.3}% 25
\BOOKMARK [-1][-]{section*.26}{Theory}{}% 26
\BOOKMARK [-1][-]{section*.27}{Practice}{}% 27
\BOOKMARK [0][-]{chapter.2}{Implementation}{section*.27}% 28
\BOOKMARK [1][-]{section.2.1}{Setup}{chapter.2}% 29
\BOOKMARK [2][-]{subsection.2.1.1}{Corpora}{section.2.1}% 30
\BOOKMARK [2][-]{subsection.2.1.2}{Startup}{section.2.1}% 31
\BOOKMARK [1][-]{section.2.2}{Text}{chapter.2}% 32
\BOOKMARK [2][-]{subsection.2.2.1}{Clinamen}{section.2.2}% 33
\BOOKMARK [2][-]{subsection.2.2.2}{Syzygy}{section.2.2}% 34
\BOOKMARK [2][-]{subsection.2.2.3}{Antinomy}{section.2.2}% 35
\BOOKMARK [2][-]{subsection.2.2.4}{Formalisation}{section.2.2}% 36
\BOOKMARK [1][-]{section.2.3}{Image\040&\040Video}{chapter.2}% 37
\BOOKMARK [2][-]{subsection.2.3.1}{REST\040&\040API}{section.2.3}% 38
\BOOKMARK [1][-]{section.2.4}{Design}{chapter.2}% 39
\BOOKMARK [2][-]{subsection.2.4.1}{Poetry}{section.2.4}% 40
\BOOKMARK [2][-]{subsection.2.4.2}{Spiral}{section.2.4}% 41
\BOOKMARK [1][-]{section.2.5}{Prototypes}{chapter.2}% 42
\BOOKMARK [0][-]{chapter.3}{Applications}{section*.27}% 43
\BOOKMARK [1][-]{section.3.1}{Andrew\040Dennis}{chapter.3}% 44
\BOOKMARK [1][-]{section.3.2}{Digital\040Opera}{chapter.3}% 45
\BOOKMARK [1][-]{section.3.3}{Patakosmos}{chapter.3}% 46
\BOOKMARK [1][-]{section.3.4}{Tweet}{chapter.3}% 47
\BOOKMARK [-1][-]{section*.62}{Analysis}{}% 48
\BOOKMARK [0][-]{chapter.4}{Patanalysis}{section*.62}% 49
\BOOKMARK [1][-]{section.4.1}{Influences}{chapter.4}% 50
\BOOKMARK [1][-]{section.4.2}{Pataphysicalisation}{chapter.4}% 51
\BOOKMARK [2][-]{subsection.4.2.1}{Numbers}{section.4.2}% 52
\BOOKMARK [2][-]{subsection.4.2.2}{Sentences}{section.4.2}% 53
\BOOKMARK [2][-]{subsection.4.2.3}{Index}{section.4.2}% 54
\BOOKMARK [2][-]{subsection.4.2.4}{Clinamen}{section.4.2}% 55
\BOOKMARK [2][-]{subsection.4.2.5}{Syzygy}{section.4.2}% 56
\BOOKMARK [2][-]{subsection.4.2.6}{Antinomy}{section.4.2}% 57
\BOOKMARK [2][-]{subsection.4.2.7}{APIs}{section.4.2}% 58
\BOOKMARK [1][-]{section.4.3}{Science\040Fiction}{chapter.4}% 59
\BOOKMARK [2][-]{subsection.4.3.1}{Creativity,\040Intelligence\040and\040Ethics}{section.4.3}% 60
\BOOKMARK [2][-]{subsection.4.3.2}{AI}{section.4.3}% 61
\BOOKMARK [2][-]{subsection.4.3.3}{Brains}{section.4.3}% 62
\BOOKMARK [1][-]{section.4.4}{Design}{chapter.4}% 63
\BOOKMARK [1][-]{section.4.5}{Meta}{chapter.4}% 64
\BOOKMARK [2][-]{subsection.4.5.1}{Management}{section.4.5}% 65
\BOOKMARK [2][-]{subsection.4.5.2}{Thesis}{section.4.5}% 66
\BOOKMARK [0][-]{chapter.5}{Aspirations}{section*.62}% 67
\BOOKMARK [1][-]{section.5.1}{Technical}{chapter.5}% 68
\BOOKMARK [1][-]{section.5.2}{Creative\040NLP}{chapter.5}% 69
\BOOKMARK [1][-]{section.5.3}{Theoretical}{chapter.5}% 70
\BOOKMARK [-1][-]{section*.152}{Conclusion}{}% 71
\BOOKMARK [0][-]{chapter.6}{Observations}{section*.152}% 72
\BOOKMARK [1][-]{section.6.1}{Outroduction}{chapter.6}% 73
\BOOKMARK [1][-]{section.6.2}{Issues}{chapter.6}% 74
\BOOKMARK [1][-]{section.6.3}{Answers}{chapter.6}% 75
\BOOKMARK [1][-]{section.6.4}{Contributions}{chapter.6}% 76
\BOOKMARK [1][-]{section.6.5}{And\040Finally}{chapter.6}% 77
\BOOKMARK [-1][-]{section*.160}{Appendix}{}% 78
\BOOKMARK [0][-]{section*.163}{References}{section*.160}% 79
